<?xml version="1.0" encoding="UTF-8"?>
<!-- Generated by org.testng.reporters.JUnitReportReporter -->
<testsuite hostname="LAPTOP-0I64B6UJ" failures="0" tests="2" name="KiteTest.kiteTestClass" time="5.209" errors="0" timestamp="2022-09-12T20:02:08 IST" skipped="0">
  <testcase classname="KiteTest.kiteTestClass" name="verifyUserName" time="3.142"/>
  <system-out/>
  <testcase classname="KiteTest.kiteTestClass" name="verifyUserName" time="2.067"/>
  <system-out/>
</testsuite> <!-- KiteTest.kiteTestClass -->
