<?xml version="1.0" encoding="UTF-8"?>
<!-- Generated by org.testng.reporters.JUnitReportReporter -->
<testsuite hostname="LAPTOP-VFR1OV2F" failures="0" tests="1" name="KiteTest.kiteTestClass" time="1.435" errors="0" timestamp="2022-09-03T11:44:26 IST" skipped="0">
  <testcase classname="KiteTest.kiteTestClass" name="verifyUserName" time="1.435"/>
  <system-out/>
</testsuite> <!-- KiteTest.kiteTestClass -->
